<?xml version="1.0" encoding="UTF-8"?>
<!-- Generated by org.testng.reporters.JUnitXMLReporter -->
<testsuite ignored="0" hostname="Macbook-MacBook-Pro.local" failures="3" tests="3" name="API Tests" time="2.14" errors="0" timestamp="2021-10-27T22:00:37 TRT">
  <testcase classname="io.cucumber.testng.AbstractTestNGCucumberTests" name="runScenario" time="0.689">
    <failure type="java.lang.NoClassDefFoundError" message="Could not initialize class org.codehaus.groovy.reflection.ReflectionCache">
      <![CDATA[java.lang.NoClassDefFoundError: Could not initialize class org.codehaus.groovy.reflection.ReflectionCache
at org.codehaus.groovy.runtime.dgmimpl.NumberNumberMetaMethod.<clinit>(NumberNumberMetaMethod.java:33)
at org.codehaus.groovy.runtime.metaclass.MetaClassRegistryImpl.createMetaMethodFromClass(MetaClassRegistryImpl.java:258)
at org.codehaus.groovy.runtime.metaclass.MetaClassRegistryImpl.<init>(MetaClassRegistryImpl.java:111)
at org.codehaus.groovy.runtime.metaclass.MetaClassRegistryImpl.<init>(MetaClassRegistryImpl.java:86)
at groovy.lang.GroovySystem.<clinit>(GroovySystem.java:36)
at org.codehaus.groovy.runtime.InvokerHelper.<clinit>(InvokerHelper.java:86)
at org.codehaus.groovy.runtime.ScriptBytecodeAdapter.createMap(ScriptBytecodeAdapter.java:635)
at io.restassured.internal.ResponseParserRegistrar.<init>(ResponseParserRegistrar.groovy)
at io.restassured.RestAssured.<clinit>(RestAssured.java:346)
at com.rest.runner.Utilities.RestProcessor.processRestCall(RestProcessor.java:34)
at com.rest.runner.StepDefinitions.API.BaseHook.makeARestCallWithMethod(BaseHook.java:41)
at ✽.Make a Rest Call to "/api/login" with "POST" method(file:///Users/macbookpro/Desktop/RestAssured-master/src/test/resources/features/API/APITestSamples.feature:8)
... Removed 5 stack frames]]>
    </failure>
  </testcase> <!-- runScenario -->
  <testcase classname="io.cucumber.testng.AbstractTestNGCucumberTests" name="runScenario" time="0.058">
    <failure type="java.lang.NoClassDefFoundError" message="Could not initialize class io.restassured.RestAssured">
      <![CDATA[java.lang.NoClassDefFoundError: Could not initialize class io.restassured.RestAssured
at com.rest.runner.Utilities.RestProcessor.processRestCall(RestProcessor.java:34)
at com.rest.runner.StepDefinitions.API.BaseHook.makeARestCallWithMethod(BaseHook.java:41)
at ✽.Make a Rest Call to "/api/users/2" with "GET" method(file:///Users/macbookpro/Desktop/RestAssured-master/src/test/resources/features/API/APITestSamples.feature:14)
]]>
    </failure>
  </testcase> <!-- runScenario -->
  <testcase classname="io.cucumber.testng.AbstractTestNGCucumberTests" name="runScenario" time="0.02">
    <failure type="java.lang.NoClassDefFoundError" message="Could not initialize class io.restassured.RestAssured">
      <![CDATA[java.lang.NoClassDefFoundError: Could not initialize class io.restassured.RestAssured
at com.rest.runner.Utilities.RestProcessor.processRestCall(RestProcessor.java:34)
at com.rest.runner.StepDefinitions.API.BaseHook.makeARestCallWithMethod(BaseHook.java:41)
at ✽.Make a Rest Call to "/api/users?delay=3" with "GET" method(file:///Users/macbookpro/Desktop/RestAssured-master/src/test/resources/features/API/APITestSamples.feature:27)
]]>
    </failure>
  </testcase> <!-- runScenario -->
</testsuite> <!-- API Tests -->
