<?xml version="1.0" encoding="UTF-8"?>
<testng-results ignored="0" total="3" passed="0" failed="3" skipped="0">
  <reporter-output>
  </reporter-output>
  <suite started-at="2021-10-27T22:00:30 TRT" name="API Automation Suite" finished-at="2021-10-27T22:00:32 TRT" duration-ms="2140">
    <groups>
      <group name="cucumber">
        <method signature="AbstractTestNGCucumberTests.runScenario(io.cucumber.testng.PickleWrapper, io.cucumber.testng.FeatureWrapper)[pri:0, instance:com.rest.runner.TestRunner.APITestRunner@453da22c]" name="runScenario" class="io.cucumber.testng.AbstractTestNGCucumberTests"/>
      </group> <!-- cucumber -->
    </groups>
    <test started-at="2021-10-27T22:00:30 TRT" name="API Tests" finished-at="2021-10-27T22:00:32 TRT" duration-ms="2140">
      <class name="com.rest.runner.TestRunner.APITestRunner">
        <test-method is-config="true" signature="setUpClass()[pri:0, instance:com.rest.runner.TestRunner.APITestRunner@453da22c]" started-at="2021-10-27T22:00:30 TRT" name="setUpClass" finished-at="2021-10-27T22:00:31 TRT" duration-ms="648" status="PASS">
          <reporter-output>
          </reporter-output>
        </test-method> <!-- setUpClass -->
        <test-method signature="runScenario(io.cucumber.testng.PickleWrapper, io.cucumber.testng.FeatureWrapper)[pri:0, instance:com.rest.runner.TestRunner.APITestRunner@453da22c]" started-at="2021-10-27T22:00:31 TRT" name="runScenario" description="Runs Cucumber Scenarios" data-provider="scenarios" finished-at="2021-10-27T22:00:31 TRT" duration-ms="689" status="FAIL">
          <params>
            <param index="0">
              <value>
                <![CDATA["Login and validate the User Info"]]>
              </value>
            </param>
            <param index="1">
              <value>
                <![CDATA["Optional[API Tests]"]]>
              </value>
            </param>
          </params>
          <exception class="java.lang.NoClassDefFoundError">
            <message>
              <![CDATA[Could not initialize class org.codehaus.groovy.reflection.ReflectionCache]]>
            </message>
            <full-stacktrace>
              <![CDATA[java.lang.NoClassDefFoundError: Could not initialize class org.codehaus.groovy.reflection.ReflectionCache
at org.codehaus.groovy.runtime.dgmimpl.NumberNumberMetaMethod.<clinit>(NumberNumberMetaMethod.java:33)
at java.base/jdk.internal.reflect.NativeConstructorAccessorImpl.newInstance0(Native Method)
at java.base/jdk.internal.reflect.NativeConstructorAccessorImpl.newInstance(NativeConstructorAccessorImpl.java:78)
at java.base/jdk.internal.reflect.DelegatingConstructorAccessorImpl.newInstance(DelegatingConstructorAccessorImpl.java:45)
at java.base/java.lang.reflect.Constructor.newInstanceWithCaller(Constructor.java:499)
at java.base/java.lang.reflect.Constructor.newInstance(Constructor.java:480)
at org.codehaus.groovy.runtime.metaclass.MetaClassRegistryImpl.createMetaMethodFromClass(MetaClassRegistryImpl.java:258)
at org.codehaus.groovy.runtime.metaclass.MetaClassRegistryImpl.<init>(MetaClassRegistryImpl.java:111)
at org.codehaus.groovy.runtime.metaclass.MetaClassRegistryImpl.<init>(MetaClassRegistryImpl.java:86)
at groovy.lang.GroovySystem.<clinit>(GroovySystem.java:36)
at org.codehaus.groovy.runtime.InvokerHelper.<clinit>(InvokerHelper.java:86)
at org.codehaus.groovy.runtime.ScriptBytecodeAdapter.createMap(ScriptBytecodeAdapter.java:635)
at io.restassured.internal.ResponseParserRegistrar.<init>(ResponseParserRegistrar.groovy)
at io.restassured.RestAssured.<clinit>(RestAssured.java:346)
at com.rest.runner.Utilities.RestProcessor.processRestCall(RestProcessor.java:34)
at com.rest.runner.StepDefinitions.API.BaseHook.makeARestCallWithMethod(BaseHook.java:41)
at ✽.Make a Rest Call to "/api/login" with "POST" method(file:///Users/macbookpro/Desktop/RestAssured-master/src/test/resources/features/API/APITestSamples.feature:8)
]]>
            </full-stacktrace>
          </exception> <!-- java.lang.NoClassDefFoundError -->
          <reporter-output>
          </reporter-output>
        </test-method> <!-- runScenario -->
        <test-method signature="runScenario(io.cucumber.testng.PickleWrapper, io.cucumber.testng.FeatureWrapper)[pri:0, instance:com.rest.runner.TestRunner.APITestRunner@453da22c]" started-at="2021-10-27T22:00:31 TRT" name="runScenario" description="Runs Cucumber Scenarios" data-provider="scenarios" finished-at="2021-10-27T22:00:31 TRT" duration-ms="58" status="FAIL">
          <params>
            <param index="0">
              <value>
                <![CDATA["Single user correction"]]>
              </value>
            </param>
            <param index="1">
              <value>
                <![CDATA["Optional[API Tests]"]]>
              </value>
            </param>
          </params>
          <exception class="java.lang.NoClassDefFoundError">
            <message>
              <![CDATA[Could not initialize class io.restassured.RestAssured]]>
            </message>
            <full-stacktrace>
              <![CDATA[java.lang.NoClassDefFoundError: Could not initialize class io.restassured.RestAssured
at com.rest.runner.Utilities.RestProcessor.processRestCall(RestProcessor.java:34)
at com.rest.runner.StepDefinitions.API.BaseHook.makeARestCallWithMethod(BaseHook.java:41)
at ✽.Make a Rest Call to "/api/users/2" with "GET" method(file:///Users/macbookpro/Desktop/RestAssured-master/src/test/resources/features/API/APITestSamples.feature:14)
]]>
            </full-stacktrace>
          </exception> <!-- java.lang.NoClassDefFoundError -->
          <reporter-output>
          </reporter-output>
        </test-method> <!-- runScenario -->
        <test-method signature="runScenario(io.cucumber.testng.PickleWrapper, io.cucumber.testng.FeatureWrapper)[pri:0, instance:com.rest.runner.TestRunner.APITestRunner@453da22c]" started-at="2021-10-27T22:00:31 TRT" name="runScenario" description="Runs Cucumber Scenarios" data-provider="scenarios" finished-at="2021-10-27T22:00:31 TRT" duration-ms="20" status="FAIL">
          <params>
            <param index="0">
              <value>
                <![CDATA["Check for a delayed api"]]>
              </value>
            </param>
            <param index="1">
              <value>
                <![CDATA["Optional[API Tests]"]]>
              </value>
            </param>
          </params>
          <exception class="java.lang.NoClassDefFoundError">
            <message>
              <![CDATA[Could not initialize class io.restassured.RestAssured]]>
            </message>
            <full-stacktrace>
              <![CDATA[java.lang.NoClassDefFoundError: Could not initialize class io.restassured.RestAssured
at com.rest.runner.Utilities.RestProcessor.processRestCall(RestProcessor.java:34)
at com.rest.runner.StepDefinitions.API.BaseHook.makeARestCallWithMethod(BaseHook.java:41)
at ✽.Make a Rest Call to "/api/users?delay=3" with "GET" method(file:///Users/macbookpro/Desktop/RestAssured-master/src/test/resources/features/API/APITestSamples.feature:27)
]]>
            </full-stacktrace>
          </exception> <!-- java.lang.NoClassDefFoundError -->
          <reporter-output>
          </reporter-output>
        </test-method> <!-- runScenario -->
        <test-method is-config="true" signature="tearDownClass()[pri:0, instance:com.rest.runner.TestRunner.APITestRunner@453da22c]" started-at="2021-10-27T22:00:31 TRT" name="tearDownClass" finished-at="2021-10-27T22:00:32 TRT" duration-ms="636" status="PASS">
          <reporter-output>
          </reporter-output>
        </test-method> <!-- tearDownClass -->
      </class> <!-- com.rest.runner.TestRunner.APITestRunner -->
    </test> <!-- API Tests -->
  </suite> <!-- API Automation Suite -->
</testng-results>
